<?xml version="1.0" encoding="utf-8" standalone="no"?>
<test-results xmlns:xsi="http://www.w3.org/2001/XMLSchema-instance" xsi:noNamespaceSchemaLocation="nunit_schema_2.5.xsd" name="Pester" total="16" errors="0" failures="0" not-run="0" inconclusive="0" ignored="1" skipped="0" invalid="0" date="2017-12-01" time="23:31:55">
  <environment user="Andrew" machine-name="DESKTOP-HBHKFLV" cwd="C:\git\PoshBot.Spark.Backend\out\PoshBot.Spark.Backend" user-domain="DESKTOP-HBHKFLV" platform="Microsoft Windows 10 Pro|C:\WINDOWS|\Device\Harddisk0\Partition4" nunit-version="2.5.8.0" os-version="10.0.16299" clr-version="4.0.30319.42000" />
  <culture-info current-culture="en-US" current-uiculture="en-US" />
  <test-suite type="TestFixture" name="Pester" executed="True" result="Ignored" success="True" time="1.105" asserts="0" description="Pester">
    <results>
      <test-suite type="TestFixture" name="C:\git\PoshBot.Spark.Backend\Tests\Help.tests.ps1" executed="True" result="Success" success="True" time="0.782" asserts="0" description="C:\git\PoshBot.Spark.Backend\Tests\Help.tests.ps1">
        <results>
          <test-suite type="TestFixture" name="Test help for New-PoshBotSparkBackend" executed="True" result="Success" success="True" time="0.782" asserts="0" description="Test help for New-PoshBotSparkBackend">
            <results>
              <test-suite type="TestFixture" name="Test parameter help for New-PoshBotSparkBackend" executed="True" result="Success" success="True" time="0.0394" asserts="0" description="Test parameter help for New-PoshBotSparkBackend">
                <results>
                  <test-case description="gets help for parameter: Configuration : in New-PoshBotSparkBackend" name="Test help for New-PoshBotSparkBackend.Test parameter help for New-PoshBotSparkBackend.gets help for parameter: Configuration : in New-PoshBotSparkBackend" time="0.0265" asserts="0" success="True" result="Success" executed="True" />
                  <test-case description="help for Configuration parameter in New-PoshBotSparkBackend has correct Mandatory value" name="Test help for New-PoshBotSparkBackend.Test parameter help for New-PoshBotSparkBackend.help for Configuration parameter in New-PoshBotSparkBackend has correct Mandatory value" time="0.007" asserts="0" success="True" result="Success" executed="True" />
                  <test-case description="finds help parameter in code: Configuration" name="Test help for New-PoshBotSparkBackend.Test parameter help for New-PoshBotSparkBackend.finds help parameter in code: Configuration" time="0.0059" asserts="0" success="True" result="Success" executed="True" />
                </results>
              </test-suite>
              <test-suite type="TestFixture" name="Help Links should be Valid for New-PoshBotSparkBackend" executed="True" result="Success" success="True" time="0" asserts="0" description="Help Links should be Valid for New-PoshBotSparkBackend">
                <results />
              </test-suite>
              <test-case description="should not be auto-generated" name="Test help for New-PoshBotSparkBackend.should not be auto-generated" time="0.7033" asserts="0" success="True" result="Success" executed="True" />
              <test-case description="gets description for New-PoshBotSparkBackend" name="Test help for New-PoshBotSparkBackend.gets description for New-PoshBotSparkBackend" time="0.0204" asserts="0" success="True" result="Success" executed="True" />
              <test-case description="gets example code from New-PoshBotSparkBackend" name="Test help for New-PoshBotSparkBackend.gets example code from New-PoshBotSparkBackend" time="0.01" asserts="0" success="True" result="Success" executed="True" />
              <test-case description="gets example help from New-PoshBotSparkBackend" name="Test help for New-PoshBotSparkBackend.gets example help from New-PoshBotSparkBackend" time="0.0088" asserts="0" success="True" result="Success" executed="True" />
            </results>
          </test-suite>
        </results>
      </test-suite>
      <test-suite type="TestFixture" name="C:\git\PoshBot.Spark.Backend\Tests\Manifest.tests.ps1" executed="True" result="Ignored" success="True" time="0.2503" asserts="0" description="C:\git\PoshBot.Spark.Backend\Tests\Manifest.tests.ps1">
        <results>
          <test-suite type="TestFixture" name="Module manifest" executed="True" result="Ignored" success="True" time="0.2503" asserts="0" description="Module manifest">
            <results>
              <test-suite type="TestFixture" name="Validation" executed="True" result="Ignored" success="True" time="0.2503" asserts="0" description="Validation">
                <results>
                  <test-case description="has a valid manifest" name="Module manifest.Validation.has a valid manifest" time="0.1671" asserts="0" success="True" result="Success" executed="True" />
                  <test-case description="has a valid name in the manifest" name="Module manifest.Validation.has a valid name in the manifest" time="0.0175" asserts="0" success="True" result="Success" executed="True" />
                  <test-case description="has a valid root module" name="Module manifest.Validation.has a valid root module" time="0.0064" asserts="0" success="True" result="Success" executed="True" />
                  <test-case description="has a valid version in the manifest" name="Module manifest.Validation.has a valid version in the manifest" time="0.0137" asserts="0" success="True" result="Success" executed="True" />
                  <test-case description="has a valid description" name="Module manifest.Validation.has a valid description" time="0.0186" asserts="0" success="True" result="Success" executed="True" />
                  <test-case description="has a valid author" name="Module manifest.Validation.has a valid author" time="0.0063" asserts="0" success="True" result="Success" executed="True" />
                  <test-case description="has a valid guid" name="Module manifest.Validation.has a valid guid" time="0.0076" asserts="0" success="True" result="Success" executed="True" />
                  <test-case description="has a valid copyright" name="Module manifest.Validation.has a valid copyright" time="0.0064" asserts="0" success="True" result="Success" executed="True" />
                  <test-case description="is tagged with a valid version" name="Module manifest.Validation.is tagged with a valid version" time="0.0067" asserts="0" success="True" result="Ignored" executed="False" />
                </results>
              </test-suite>
            </results>
          </test-suite>
        </results>
      </test-suite>
      <test-suite type="TestFixture" name="C:\git\PoshBot.Spark.Backend\Tests\Meta.tests.ps1" executed="True" result="Success" success="True" time="0.0727" asserts="0" description="C:\git\PoshBot.Spark.Backend\Tests\Meta.tests.ps1">
        <results>
          <test-suite type="TestFixture" name="Text files formatting" executed="True" result="Success" success="True" time="0.0727" asserts="0" description="Text files formatting">
            <results>
              <test-suite type="TestFixture" name="Files encoding" executed="True" result="Success" success="True" time="0.0727" asserts="0" description="Files encoding">
                <results>
                  <test-case description="Doesn't use Unicode encoding" name="Text files formatting.Files encoding.Doesn't use Unicode encoding" time="0.0727" asserts="0" success="True" result="Success" executed="True" />
                </results>
              </test-suite>
            </results>
          </test-suite>
        </results>
      </test-suite>
    </results>
  </test-suite>
</test-results>